c:\users\mycomputer\source\repos\gamecaro2.0\gamecaro2.0\debug\vc142.pdb
c:\users\mycomputer\source\repos\gamecaro2.0\gamecaro2.0\debug\vc142.idb
c:\users\mycomputer\source\repos\gamecaro2.0\gamecaro2.0\debug\_point.obj
c:\users\mycomputer\source\repos\gamecaro2.0\gamecaro2.0\debug\_play.obj
c:\users\mycomputer\source\repos\gamecaro2.0\gamecaro2.0\debug\_internet.obj
c:\users\mycomputer\source\repos\gamecaro2.0\gamecaro2.0\debug\_game.obj
c:\users\mycomputer\source\repos\gamecaro2.0\gamecaro2.0\debug\_common.obj
c:\users\mycomputer\source\repos\gamecaro2.0\gamecaro2.0\debug\_board.obj
c:\users\mycomputer\source\repos\gamecaro2.0\gamecaro2.0\debug\main.obj
c:\users\mycomputer\source\repos\gamecaro2.0\gamecaro2.0\debug\cjson.obj
c:\users\mycomputer\source\repos\gamecaro2.0\debug\gamecaro2.0.lib
c:\users\mycomputer\source\repos\gamecaro2.0\debug\gamecaro2.0.exp
c:\users\mycomputer\source\repos\gamecaro2.0\debug\gamecaro2.0.exe
c:\users\mycomputer\source\repos\gamecaro2.0\debug\gamecaro2.0.ilk
c:\users\mycomputer\source\repos\gamecaro2.0\debug\gamecaro2.0.pdb
c:\users\mycomputer\source\repos\gamecaro2.0\gamecaro2.0\debug\gamecaro2.0.tlog\cl.command.1.tlog
c:\users\mycomputer\source\repos\gamecaro2.0\gamecaro2.0\debug\gamecaro2.0.tlog\cl.read.1.tlog
c:\users\mycomputer\source\repos\gamecaro2.0\gamecaro2.0\debug\gamecaro2.0.tlog\cl.write.1.tlog
c:\users\mycomputer\source\repos\gamecaro2.0\gamecaro2.0\debug\gamecaro2.0.tlog\gamecaro2.0.write.1u.tlog
c:\users\mycomputer\source\repos\gamecaro2.0\gamecaro2.0\debug\gamecaro2.0.tlog\link.command.1.tlog
c:\users\mycomputer\source\repos\gamecaro2.0\gamecaro2.0\debug\gamecaro2.0.tlog\link.read.1.tlog
c:\users\mycomputer\source\repos\gamecaro2.0\gamecaro2.0\debug\gamecaro2.0.tlog\link.write.1.tlog
